2024-08-07 18:40:25.156 PM [main] TRACE org.example.TesteLogging - No início do programa principal
2024-08-07 18:40:25.158 PM [main] DEBUG org.example.TesteLogging - No início do programa principal
2024-08-07 18:40:25.158 PM [main] INFO  org.example.TesteLogging - No início do programa principal
2024-08-07 18:40:25.158 PM [main] WARN  org.example.TesteLogging - No início do programa principal
2024-08-07 18:40:25.158 PM [main] ERROR org.example.TesteLogging - No início do programa principal
2024-08-07 18:40:25.158 PM [main] TRACE org.example.TesteLogging - No final do programa principal
2024-08-07 18:40:25.158 PM [main] DEBUG org.example.TesteLogging - No final do programa principal
2024-08-07 18:40:25.158 PM [main] INFO  org.example.TesteLogging - No final do programa principal
2024-08-07 18:40:25.158 PM [main] WARN  org.example.TesteLogging - No final do programa principal
2024-08-07 18:40:25.158 PM [main] ERROR org.example.TesteLogging - No final do programa principal
2024-08-07 18:41:14.669 PM [main] INFO  org.example.TesteLogging - No início do programa principal
2024-08-07 18:41:14.670 PM [main] WARN  org.example.TesteLogging - No início do programa principal
2024-08-07 18:41:14.670 PM [main] ERROR org.example.TesteLogging - No início do programa principal
2024-08-07 18:41:14.670 PM [main] INFO  org.example.TesteLogging - No final do programa principal
2024-08-07 18:41:14.670 PM [main] WARN  org.example.TesteLogging - No final do programa principal
2024-08-07 18:41:14.670 PM [main] ERROR org.example.TesteLogging - No final do programa principal
2024-08-07 18:41:56.235 PM [main] INFO  org.example.TesteLogging - No início do programa principal
2024-08-07 18:41:56.236 PM [main] WARN  org.example.TesteLogging - No início do programa principal
2024-08-07 18:41:56.236 PM [main] ERROR org.example.TesteLogging - No início do programa principal
2024-08-07 18:41:56.236 PM [main] INFO  org.example.TesteLogging - No final do programa principal
2024-08-07 18:41:56.236 PM [main] WARN  org.example.TesteLogging - No final do programa principal
2024-08-07 18:41:56.237 PM [main] ERROR org.example.TesteLogging - No final do programa principal
2024-08-07 18:42:08.437 PM [main] INFO  org.example.TesteLogging - No início do programa principal
2024-08-07 18:42:08.438 PM [main] WARN  org.example.TesteLogging - No início do programa principal
2024-08-07 18:42:08.438 PM [main] ERROR org.example.TesteLogging - No início do programa principal
2024-08-07 18:42:08.438 PM [main] INFO  org.example.TesteLogging - No final do programa principal
2024-08-07 18:42:08.438 PM [main] WARN  org.example.TesteLogging - No final do programa principal
2024-08-07 18:42:08.438 PM [main] ERROR org.example.TesteLogging - No final do programa principal
2024-08-07 18:42:20.986 PM [main] INFO  org.example.TesteLogging - No início do programa principal
2024-08-07 18:42:20.987 PM [main] WARN  org.example.TesteLogging - No início do programa principal
2024-08-07 18:42:20.987 PM [main] ERROR org.example.TesteLogging - No início do programa principal
2024-08-07 18:42:20.987 PM [main] INFO  org.example.TesteLogging - No final do programa principal
2024-08-07 18:42:20.987 PM [main] WARN  org.example.TesteLogging - No final do programa principal
2024-08-07 18:42:20.987 PM [main] ERROR org.example.TesteLogging - No final do programa principal
2024-08-07 18:42:28.622 PM [main] INFO  org.example.TesteLogging - No início do programa principal
2024-08-07 18:42:28.623 PM [main] WARN  org.example.TesteLogging - No início do programa principal
2024-08-07 18:42:28.623 PM [main] ERROR org.example.TesteLogging - No início do programa principal
2024-08-07 18:42:28.623 PM [main] INFO  org.example.TesteLogging - No final do programa principal
2024-08-07 18:42:28.623 PM [main] WARN  org.example.TesteLogging - No final do programa principal
2024-08-07 18:42:28.623 PM [main] ERROR org.example.TesteLogging - No final do programa principal
2024-08-07 18:42:45.661 PM [main] INFO  org.example.TesteLogging - No início do programa principal
2024-08-07 18:42:45.662 PM [main] WARN  org.example.TesteLogging - No início do programa principal
2024-08-07 18:42:45.662 PM [main] ERROR org.example.TesteLogging - No início do programa principal
2024-08-07 18:42:45.662 PM [main] INFO  org.example.TesteLogging - No final do programa principal
2024-08-07 18:42:45.662 PM [main] WARN  org.example.TesteLogging - No final do programa principal
2024-08-07 18:42:45.662 PM [main] ERROR org.example.TesteLogging - No final do programa principal
2024-08-08 16:00:21.771 PM [main] INFO  org.example.TesteLogging - No início do programa principal
2024-08-08 16:00:21.772 PM [main] WARN  org.example.TesteLogging - No início do programa principal
2024-08-08 16:00:21.772 PM [main] ERROR org.example.TesteLogging - No início do programa principal
2024-08-08 16:00:21.772 PM [main] INFO  org.example.TesteLogging - No final do programa principal
2024-08-08 16:00:21.772 PM [main] WARN  org.example.TesteLogging - No final do programa principal
2024-08-08 16:00:21.772 PM [main] ERROR org.example.TesteLogging - No final do programa principal
2024-08-13 08:48:50.051 AM [main] INFO  org.example.TesteLogging - No início do programa principal
2024-08-13 08:48:50.052 AM [main] WARN  org.example.TesteLogging - No início do programa principal
2024-08-13 08:48:50.052 AM [main] ERROR org.example.TesteLogging - No início do programa principal
2024-08-13 08:48:50.052 AM [main] INFO  org.example.TesteLogging - No final do programa principal
2024-08-13 08:48:50.052 AM [main] WARN  org.example.TesteLogging - No final do programa principal
2024-08-13 08:48:50.052 AM [main] ERROR org.example.TesteLogging - No final do programa principal
2024-08-20 08:21:18.397 AM [main] INFO  org.example.TesteLogging - No início do programa principal
2024-08-20 08:21:18.398 AM [main] WARN  org.example.TesteLogging - No início do programa principal
2024-08-20 08:21:18.398 AM [main] ERROR org.example.TesteLogging - No início do programa principal
2024-08-20 08:21:18.398 AM [main] INFO  org.example.TesteLogging - No final do programa principal
2024-08-20 08:21:18.398 AM [main] WARN  org.example.TesteLogging - No final do programa principal
2024-08-20 08:21:18.398 AM [main] ERROR org.example.TesteLogging - No final do programa principal
